Log file opened on Mon Apr  8 10:55:05 2019
Host: ip-172-31-22-154  pid: 1675  rank ID: 0  number of ranks:  1
                       :-) GROMACS - gmx mdrun, 2018 (-:

                            GROMACS is written by:
     Emile Apol      Rossen Apostolov  Herman J.C. Berendsen    Par Bjelkmar   
 Aldert van Buuren   Rudi van Drunen     Anton Feenstra    Gerrit Groenhof  
 Christoph Junghans   Anca Hamuraru    Vincent Hindriksen Dimitrios Karkoulis
    Peter Kasson        Jiri Kraus      Carsten Kutzner      Per Larsson    
  Justin A. Lemkul    Viveca Lindahl    Magnus Lundborg   Pieter Meulenhoff 
   Erik Marklund      Teemu Murtola       Szilard Pall       Sander Pronk   
   Roland Schulz     Alexey Shvetsov     Michael Shirts     Alfons Sijbers  
   Peter Tieleman    Teemu Virolainen  Christian Wennberg    Maarten Wolf   
                           and the project leaders:
        Mark Abraham, Berk Hess, Erik Lindahl, and David van der Spoel

Copyright (c) 1991-2000, University of Groningen, The Netherlands.
Copyright (c) 2001-2017, The GROMACS development team at
Uppsala University, Stockholm University and
the Royal Institute of Technology, Sweden.
check out http://www.gromacs.org for more information.

GROMACS is free software; you can redistribute it and/or modify it
under the terms of the GNU Lesser General Public License
as published by the Free Software Foundation; either version 2.1
of the License, or (at your option) any later version.

GROMACS:      gmx mdrun, version 2018
Executable:   /opt/gromacs/sse2/bin/gmx
Data prefix:  /opt/gromacs/sse2
Working dir:  /home/ubuntu/shared/76d428c3-bcd6-4850-9264-aedeb24c07d8
Command line:
  gmx mdrun -deffnm bpti-md

GROMACS version:    2018
Precision:          single
Memory model:       64 bit
MPI library:        thread_mpi
OpenMP support:     enabled (GMX_OPENMP_MAX_THREADS = 64)
GPU support:        CUDA
SIMD instructions:  SSE2
FFT library:        fftw-3.3.5-sse2
RDTSCP usage:       disabled
TNG support:        enabled
Hwloc support:      hwloc-1.11.0
Tracing support:    disabled
Built on:           2018-05-15 11:22:58
Built by:           ubuntu@ip-172-31-18-210 [CMAKE]
Build OS/arch:      Linux 4.4.0-1052-aws x86_64
Build CPU vendor:   Intel
Build CPU brand:    Intel(R) Xeon(R) CPU E5-2650 v2 @ 2.60GHz
Build CPU family:   6   Model: 62   Stepping: 4
Build CPU features: aes apic avx clfsh cmov cx8 cx16 f16c htt intel lahf mmx msr pcid pclmuldq popcnt pse rdrnd rdtscp sse2 sse3 sse4.1 sse4.2 ssse3 tdt x2apic
C compiler:         /usr/bin/cc GNU 5.4.0
C compiler flags:    -msse2     -O3 -DNDEBUG -funroll-all-loops -fexcess-precision=fast  
C++ compiler:       /usr/bin/c++ GNU 5.4.0
C++ compiler flags:  -msse2    -std=c++11   -O3 -DNDEBUG -funroll-all-loops -fexcess-precision=fast  
CUDA compiler:      /usr/local/cuda/bin/nvcc nvcc: NVIDIA (R) Cuda compiler driver;Copyright (c) 2005-2016 NVIDIA Corporation;Built on Tue_Jan_10_13:22:03_CST_2017;Cuda compilation tools, release 8.0, V8.0.61
CUDA compiler flags:-gencode;arch=compute_20,code=sm_20;-gencode;arch=compute_30,code=sm_30;-gencode;arch=compute_35,code=sm_35;-gencode;arch=compute_37,code=sm_37;-gencode;arch=compute_50,code=sm_50;-gencode;arch=compute_52,code=sm_52;-gencode;arch=compute_60,code=sm_60;-gencode;arch=compute_61,code=sm_61;-gencode;arch=compute_60,code=compute_60;-gencode;arch=compute_61,code=compute_61;-use_fast_math;-Wno-deprecated-gpu-targets;-D_FORCE_INLINES;; ;-msse2;-std=c++11;-O3;-DNDEBUG;-funroll-all-loops;-fexcess-precision=fast;
CUDA driver:        9.0
CUDA runtime:       8.0


Running on 1 node with total 2 cores, 4 logical cores, 1 compatible GPU
Hardware detected:
  CPU info:
    Vendor: Intel
    Brand:  Intel(R) Xeon(R) CPU E5-2686 v4 @ 2.30GHz
    Family: 6   Model: 79   Stepping: 1
    Features: aes apic avx avx2 clfsh cmov cx8 cx16 f16c fma hle htt intel lahf mmx msr nonstop_tsc pcid pclmuldq pdpe1gb popcnt pse rdrnd rdtscp rtm sse2 sse3 sse4.1 sse4.2 ssse3 tdt x2apic
  Hardware topology: Full, with devices
    Sockets, cores, and logical processors:
      Socket  0: [   0   2] [   1   3]
    Numa nodes:
      Node  0 (64389124096 bytes mem):   0   1   2   3
      Latency:
               0
         0  1.00
    Caches:
      L1: 32768 bytes, linesize 64 bytes, assoc. 8, shared 2 ways
      L2: 262144 bytes, linesize 64 bytes, assoc. 8, shared 2 ways
      L3: 47185920 bytes, linesize 64 bytes, assoc. 20, shared 4 ways
    PCI devices:
      0000:00:01.1  Id: 8086:7010  Class: 0x0101  Numa: 0
      0000:00:02.0  Id: 1013:00b8  Class: 0x0300  Numa: 0
      0000:00:03.0  Id: 1d0f:ec20  Class: 0x0200  Numa: 0
      0000:00:1e.0  Id: 10de:102d  Class: 0x0302  Numa: 0
  GPU info:
    Number of GPUs detected: 1
    #0: NVIDIA Tesla K80, compute cap.: 3.7, ECC: yes, stat: compatible

Highest SIMD level requested by all nodes in run: AVX2_256
SIMD instructions selected at compile time:       SSE2
This program was compiled for different hardware than you are running on,
which could influence performance.
The current CPU can measure timings more accurately than the code in
gmx mdrun was configured to use. This might affect your simulation
speed as accurate timings are needed for load-balancing.
Please consider rebuilding gmx mdrun with the GMX_USE_RDTSCP=ON CMake option.

++++ PLEASE READ AND CITE THE FOLLOWING REFERENCE ++++
M. J. Abraham, T. Murtola, R. Schulz, S. Páll, J. C. Smith, B. Hess, E.
Lindahl
GROMACS: High performance molecular simulations through multi-level
parallelism from laptops to supercomputers
SoftwareX 1 (2015) pp. 19-25
-------- -------- --- Thank You --- -------- --------


++++ PLEASE READ AND CITE THE FOLLOWING REFERENCE ++++
S. Páll, M. J. Abraham, C. Kutzner, B. Hess, E. Lindahl
Tackling Exascale Software Challenges in Molecular Dynamics Simulations with
GROMACS
In S. Markidis & E. Laure (Eds.), Solving Software Challenges for Exascale 8759 (2015) pp. 3-27
-------- -------- --- Thank You --- -------- --------


++++ PLEASE READ AND CITE THE FOLLOWING REFERENCE ++++
S. Pronk, S. Páll, R. Schulz, P. Larsson, P. Bjelkmar, R. Apostolov, M. R.
Shirts, J. C. Smith, P. M. Kasson, D. van der Spoel, B. Hess, and E. Lindahl
GROMACS 4.5: a high-throughput and highly parallel open source molecular
simulation toolkit
Bioinformatics 29 (2013) pp. 845-54
-------- -------- --- Thank You --- -------- --------


++++ PLEASE READ AND CITE THE FOLLOWING REFERENCE ++++
B. Hess and C. Kutzner and D. van der Spoel and E. Lindahl
GROMACS 4: Algorithms for highly efficient, load-balanced, and scalable
molecular simulation
J. Chem. Theory Comput. 4 (2008) pp. 435-447
-------- -------- --- Thank You --- -------- --------


++++ PLEASE READ AND CITE THE FOLLOWING REFERENCE ++++
D. van der Spoel, E. Lindahl, B. Hess, G. Groenhof, A. E. Mark and H. J. C.
Berendsen
GROMACS: Fast, Flexible and Free
J. Comp. Chem. 26 (2005) pp. 1701-1719
-------- -------- --- Thank You --- -------- --------


++++ PLEASE READ AND CITE THE FOLLOWING REFERENCE ++++
E. Lindahl and B. Hess and D. van der Spoel
GROMACS 3.0: A package for molecular simulation and trajectory analysis
J. Mol. Mod. 7 (2001) pp. 306-317
-------- -------- --- Thank You --- -------- --------


++++ PLEASE READ AND CITE THE FOLLOWING REFERENCE ++++
H. J. C. Berendsen, D. van der Spoel and R. van Drunen
GROMACS: A message-passing parallel molecular dynamics implementation
Comp. Phys. Comm. 91 (1995) pp. 43-56
-------- -------- --- Thank You --- -------- --------

Input Parameters:
   integrator                     = sd
   tinit                          = 0
   dt                             = 0.002
   nsteps                         = 200
   init-step                      = 0
   simulation-part                = 1
   comm-mode                      = Linear
   nstcomm                        = 100
   bd-fric                        = 0
   ld-seed                        = -907686627
   emtol                          = 10
   emstep                         = 0.01
   niter                          = 20
   fcstep                         = 0
   nstcgsteep                     = 1000
   nbfgscorr                      = 10
   rtpi                           = 0.05
   nstxout                        = 0
   nstvout                        = 0
   nstfout                        = 0
   nstlog                         = 1000
   nstcalcenergy                  = 100
   nstenergy                      = 1000
   nstxout-compressed             = 0
   compressed-x-precision         = 1000
   cutoff-scheme                  = Verlet
   nstlist                        = 1
   ns-type                        = Grid
   pbc                            = xyz
   periodic-molecules             = false
   verlet-buffer-tolerance        = 0.005
   rlist                          = 1
   coulombtype                    = PME
   coulomb-modifier               = Potential-shift
   rcoulomb-switch                = 0
   rcoulomb                       = 1
   epsilon-r                      = 1
   epsilon-rf                     = inf
   vdw-type                       = Cut-off
   vdw-modifier                   = Potential-shift
   rvdw-switch                    = 0
   rvdw                           = 1
   DispCorr                       = No
   table-extension                = 1
   fourierspacing                 = 0.12
   fourier-nx                     = 52
   fourier-ny                     = 52
   fourier-nz                     = 52
   pme-order                      = 4
   ewald-rtol                     = 1e-05
   ewald-rtol-lj                  = 0.001
   lj-pme-comb-rule               = Geometric
   ewald-geometry                 = 0
   epsilon-surface                = 0
   implicit-solvent               = No
   gb-algorithm                   = Still
   nstgbradii                     = 1
   rgbradii                       = 1
   gb-epsilon-solvent             = 80
   gb-saltconc                    = 0
   gb-obc-alpha                   = 1
   gb-obc-beta                    = 0.8
   gb-obc-gamma                   = 4.85
   gb-dielectric-offset           = 0.009
   sa-algorithm                   = Ace-approximation
   sa-surface-tension             = 2.05016
   tcoupl                         = No
   nsttcouple                     = -1
   nh-chain-length                = 0
   print-nose-hoover-chain-variables = false
   pcoupl                         = No
   pcoupltype                     = Isotropic
   nstpcouple                     = -1
   tau-p                          = 1
   compressibility (3x3):
      compressibility[    0]={ 0.00000e+00,  0.00000e+00,  0.00000e+00}
      compressibility[    1]={ 0.00000e+00,  0.00000e+00,  0.00000e+00}
      compressibility[    2]={ 0.00000e+00,  0.00000e+00,  0.00000e+00}
   ref-p (3x3):
      ref-p[    0]={ 0.00000e+00,  0.00000e+00,  0.00000e+00}
      ref-p[    1]={ 0.00000e+00,  0.00000e+00,  0.00000e+00}
      ref-p[    2]={ 0.00000e+00,  0.00000e+00,  0.00000e+00}
   refcoord-scaling               = No
   posres-com (3):
      posres-com[0]= 0.00000e+00
      posres-com[1]= 0.00000e+00
      posres-com[2]= 0.00000e+00
   posres-comB (3):
      posres-comB[0]= 0.00000e+00
      posres-comB[1]= 0.00000e+00
      posres-comB[2]= 0.00000e+00
   QMMM                           = false
   QMconstraints                  = 0
   QMMMscheme                     = 0
   MMChargeScaleFactor            = 1
qm-opts:
   ngQM                           = 0
   constraint-algorithm           = Lincs
   continuation                   = false
   Shake-SOR                      = false
   shake-tol                      = 0.0001
   lincs-order                    = 4
   lincs-iter                     = 1
   lincs-warnangle                = 30
   nwall                          = 0
   wall-type                      = 9-3
   wall-r-linpot                  = -1
   wall-atomtype[0]               = -1
   wall-atomtype[1]               = -1
   wall-density[0]                = 0
   wall-density[1]                = 0
   wall-ewald-zfac                = 3
   pull                           = false
   awh                            = false
   rotation                       = false
   interactiveMD                  = false
   disre                          = No
   disre-weighting                = Conservative
   disre-mixed                    = false
   dr-fc                          = 1000
   dr-tau                         = 0
   nstdisreout                    = 100
   orire-fc                       = 0
   orire-tau                      = 0
   nstorireout                    = 100
   free-energy                    = no
   cos-acceleration               = 0
   deform (3x3):
      deform[    0]={ 0.00000e+00,  0.00000e+00,  0.00000e+00}
      deform[    1]={ 0.00000e+00,  0.00000e+00,  0.00000e+00}
      deform[    2]={ 0.00000e+00,  0.00000e+00,  0.00000e+00}
   simulated-tempering            = false
   swapcoords                     = no
   userint1                       = 0
   userint2                       = 0
   userint3                       = 0
   userint4                       = 0
   userreal1                      = 0
   userreal2                      = 0
   userreal3                      = 0
   userreal4                      = 0
   applied-forces:
     electric-field:
       x:
         E0                       = 0
         omega                    = 0
         t0                       = 0
         sigma                    = 0
       y:
         E0                       = 0
         omega                    = 0
         t0                       = 0
         sigma                    = 0
       z:
         E0                       = 0
         omega                    = 0
         t0                       = 0
         sigma                    = 0
grpopts:
   nrdf:     1769.87     39243.1     17.9987
   ref-t:         300         300         300
   tau-t:         0.2         0.2         0.2
annealing:          No          No          No
annealing-npoints:           0           0           0
   acc:	           0           0           0
   nfreeze:           N           N           N
   energygrp-flags[  0]: 0


Using 1 MPI thread
Using 4 OpenMP threads 

1 GPU auto-selected for this run.
Mapping of GPU IDs to the 2 GPU tasks in the 1 rank on this node:
  PP:0,PME:0

NOTE: GROMACS was configured without NVML support hence it can not exploit
      application clocks of the detected Tesla K80 GPU to improve performance.
      Recompile with the NVML library (compatible with the driver used) or set application clocks manually.

NOTE: GROMACS was configured without NVML support hence it can not exploit
      application clocks of the detected Tesla K80 GPU to improve performance.
      Recompile with the NVML library (compatible with the driver used) or set application clocks manually.

Pinning threads with an auto-selected logical core stride of 1
System total charge: 0.000
Will do PME sum in reciprocal space for electrostatic interactions.

++++ PLEASE READ AND CITE THE FOLLOWING REFERENCE ++++
U. Essmann, L. Perera, M. L. Berkowitz, T. Darden, H. Lee and L. G. Pedersen 
A smooth particle mesh Ewald method
J. Chem. Phys. 103 (1995) pp. 8577-8592
-------- -------- --- Thank You --- -------- --------

Using a Gaussian width (1/beta) of 0.320163 nm for Ewald
Potential shift: LJ r^-12: -1.000e+00 r^-6: -1.000e+00, Ewald -1.000e-05
Initialized non-bonded Ewald correction tables, spacing: 9.33e-04 size: 1073

Generated table with 1000 data points for 1-4 COUL.
Tabscale = 500 points/nm
Generated table with 1000 data points for 1-4 LJ6.
Tabscale = 500 points/nm
Generated table with 1000 data points for 1-4 LJ12.
Tabscale = 500 points/nm

Using GPU 8x8 nonbonded short-range kernels

Using a 8x4 pair-list setup:
  updated every 1 steps, buffer 0.000 nm, rlist 1.000 nm
At tolerance 0.005 kJ/mol/ps per atom, equivalent classical 1x1 list would be:
  updated every 1 steps, buffer 0.000 nm, rlist 1.000 nm

Using Lorentz-Berthelot Lennard-Jones combination rule

Removing pbc first time

Initializing LINear Constraint Solver

++++ PLEASE READ AND CITE THE FOLLOWING REFERENCE ++++
B. Hess and H. Bekker and H. J. C. Berendsen and J. G. E. M. Fraaije
LINCS: A Linear Constraint Solver for molecular simulations
J. Comp. Chem. 18 (1997) pp. 1463-1472
-------- -------- --- Thank You --- -------- --------

The number of constraints is 906

++++ PLEASE READ AND CITE THE FOLLOWING REFERENCE ++++
S. Miyamoto and P. A. Kollman
SETTLE: An Analytical Version of the SHAKE and RATTLE Algorithms for Rigid
Water Models
J. Comp. Chem. 13 (1992) pp. 952-962
-------- -------- --- Thank You --- -------- --------


Intra-simulation communication will occur every 1 steps.
Center of mass motion removal mode is Linear
We have the following groups for center of mass motion removal:
  0:  rest

++++ PLEASE READ AND CITE THE FOLLOWING REFERENCE ++++
N. Goga and A. J. Rzepiela and A. H. de Vries and S. J. Marrink and H. J. C.
Berendsen
Efficient Algorithms for Langevin and DPD Dynamics
J. Chem. Theory Comput. 8 (2012) pp. 3637--3649
-------- -------- --- Thank You --- -------- --------

There are: 20521 Atoms

Constraining the starting coordinates (step 0)

Constraining the coordinates at t0-dt (step 0)
RMS relative constraint deviation after constraining: 1.09e-05
Initial temperature: 267.732 K

Started mdrun on rank 0 Mon Apr  8 10:55:25 2019
           Step           Time
              0        0.00000

   Energies (kJ/mol)
          Angle    Proper Dih.  Improper Dih.          LJ-14     Coulomb-14
    1.62388e+03    2.35822e+03    1.29816e+02    9.46508e+02    7.66877e+03
        LJ (SR)   Coulomb (SR)   Coul. recip.      Potential    Kinetic En.
    4.30097e+04   -3.37741e+05    1.74000e+03   -2.80265e+05    4.56685e+04
   Total Energy    Temperature Pressure (bar)   Constr. rmsd
   -2.34596e+05    2.67732e+02   -1.86784e+02    1.10290e-05

step    2: timed with pme grid 52 52 52, coulomb cutoff 1.000: 158.0 M-cycles
step    4: timed with pme grid 44 44 44, coulomb cutoff 1.119: 89.8 M-cycles
step    6: timed with pme grid 40 40 40, coulomb cutoff 1.231: 183.0 M-cycles
step    8: timed with pme grid 42 42 42, coulomb cutoff 1.173: 86.4 M-cycles
step   10: timed with pme grid 44 44 44, coulomb cutoff 1.119: 147.9 M-cycles
step   12: timed with pme grid 48 48 48, coulomb cutoff 1.026: 108.7 M-cycles
              optimal pme grid 42 42 42, coulomb cutoff 1.173
           Step           Time
            200        0.40000

Writing checkpoint, step 200 at Mon Apr  8 10:55:38 2019


   Energies (kJ/mol)
          Angle    Proper Dih.  Improper Dih.          LJ-14     Coulomb-14
    1.84759e+03    2.32985e+03    9.07755e+01    9.81058e+02    7.71729e+03
        LJ (SR)   Coulomb (SR)   Coul. recip.      Potential    Kinetic En.
    4.12259e+04   -3.28628e+05    1.03723e+03   -2.73398e+05    5.01694e+04
   Total Energy    Temperature Pressure (bar)   Constr. rmsd
   -2.23229e+05    2.94119e+02    2.10749e+02    1.28302e-05

	<======  ###############  ==>
	<====  A V E R A G E S  ====>
	<==  ###############  ======>

	Statistics over 201 steps using 3 frames

   Energies (kJ/mol)
          Angle    Proper Dih.  Improper Dih.          LJ-14     Coulomb-14
    1.69573e+03    2.37799e+03    1.10292e+02    9.62468e+02    7.66548e+03
        LJ (SR)   Coulomb (SR)   Coul. recip.      Potential    Kinetic En.
    4.22009e+04   -3.32766e+05    1.27074e+03   -2.76482e+05    4.85439e+04
   Total Energy    Temperature Pressure (bar)   Constr. rmsd
   -2.27938e+05    2.84589e+02    7.93014e+01    0.00000e+00

   Total Virial (kJ/mol)
    1.57631e+04   -2.34164e+02   -3.78164e+02
   -2.32666e+02    1.59332e+04   -5.28068e+02
   -3.77297e+02   -5.29538e+02    1.53682e+04

   Pressure (bar)
    7.03794e+01    2.18373e+01    6.28121e+01
    2.15965e+01    3.15640e+01    7.57617e+01
    6.26728e+01    7.59980e+01    1.35961e+02

      T-Protein          T-SOL           T-CL
    2.95760e+02    2.84091e+02    2.72485e+02


       P P   -   P M E   L O A D   B A L A N C I N G

 PP/PME load balancing changed the cut-off and PME settings:
           particle-particle                    PME
            rcoulomb  rlist            grid      spacing   1/beta
   initial  1.000 nm  1.000 nm      52  52  52   0.114 nm  0.320 nm
   final    1.173 nm  1.173 nm      42  42  42   0.141 nm  0.375 nm
 cost-ratio           1.61             0.53
 (note that these numbers concern only part of the total PP and PME load)


	M E G A - F L O P S   A C C O U N T I N G

 NB=Group-cutoff nonbonded kernels    NxN=N-by-N cluster Verlet kernels
 RF=Reaction-Field  VdW=Van der Waals  QSTab=quadratic-spline table
 W3=SPC/TIP3p  W4=TIP4p (single or pairs)
 V&F=Potential and force  V=Potential only  F=Force only

 Computing:                               M-Number         M-Flops  % Flops
-----------------------------------------------------------------------------
 Pair Search distance check             408.163824        3673.474     1.3
 NxN Ewald Elec. + LJ [F]              3980.399296      262706.354    96.0
 NxN Ewald Elec. + LJ [V&F]              54.208960        5800.359     2.1
 1,4 nonbonded interactions               0.471747          42.457     0.0
 Shift-X                                  4.124721          24.748     0.0
 Angles                                   0.326826          54.907     0.0
 Propers                                  0.496872         113.784     0.0
 Impropers                                0.039999           8.320     0.0
 Virial                                   0.061698           1.111     0.0
 Update                                   4.124721         127.866     0.0
 Stop-CM                                  0.082084           0.821     0.0
 Calc-Ekin                                4.145242         111.922     0.0
 Lincs                                    0.366024          21.961     0.0
 Lincs-Mat                                7.882848          31.531     0.0
 Constraint-V                             8.638305          69.106     0.0
 Constraint-Vir                           0.061587           1.478     0.0
 Settle                                   2.642564         853.548     0.3
-----------------------------------------------------------------------------
 Total                                                  273643.747   100.0
-----------------------------------------------------------------------------


     R E A L   C Y C L E   A N D   T I M E   A C C O U N T I N G

On 1 MPI rank, each using 4 OpenMP threads

 Computing:          Num   Num      Call    Wall time         Giga-Cycles
                     Ranks Threads  Count      (s)         total sum    %
-----------------------------------------------------------------------------
 Neighbor search        1    4        201       1.667         15.341  12.1
 Launch GPU ops.        1    4        402       0.079          0.731   0.6
 Force                  1    4        201       0.388          3.571   2.8
 Wait PME GPU gather    1    4        201       0.220          2.028   1.6
 Reduce GPU PME F       1    4        201       1.675         15.411  12.2
 Wait GPU NB local      1    4        201       0.527          4.849   3.8
 NB X/F buffer ops.     1    4        201       2.208         20.313  16.1
 Write traj.            1    4          1       0.323          2.973   2.4
 Update                 1    4        402       1.771         16.296  12.9
 Constraints            1    4        402       1.962         18.054  14.3
 Rest                                           2.926         26.918  21.3
-----------------------------------------------------------------------------
 Total                                         13.748        126.484 100.0
-----------------------------------------------------------------------------

NOTE: 12 % of the run time was spent in pair search,
      you might want to increase nstlist (this has no effect on accuracy)

               Core t (s)   Wall t (s)        (%)
       Time:       54.992       13.748      400.0
                 (ns/day)    (hour/ns)
Performance:        2.526        9.500
Finished mdrun on rank 0 Mon Apr  8 10:55:38 2019
